<?xml version="1.0" encoding="UTF-8"?>
<!-- Generated by org.testng.reporters.JUnitReportReporter -->
<testsuite hostname="CSCINDAE519305" name="com.testng.Testclass1" tests="2" failures="0" timestamp="4 Apr 2017 07:49:27 GMT" time="5.050" errors="0">
  <testcase name="testcase1" time="4.381" classname="com.testng.Testclass1"/>
  <testcase name="testcase2" time="0.669" classname="com.testng.Testclass1"/>
</testsuite> <!-- com.testng.Testclass1 -->
