<?xml version="1.0" encoding="UTF-8"?>
<!-- Generated by org.testng.reporters.JUnitReportReporter -->
<testsuite hostname="CSCINDAE519305" name="com.testng.Testcase2" tests="2" failures="0" timestamp="4 Apr 2017 07:49:27 GMT" time="5.053" errors="0">
  <testcase name="testcase1" time="4.381" classname="com.testng.Testcase2"/>
  <testcase name="testcase2" time="0.672" classname="com.testng.Testcase2"/>
</testsuite> <!-- com.testng.Testcase2 -->
